<?xml version="1.0" encoding="UTF-8"?>
<!-- Generated by org.testng.reporters.JUnitReportReporter -->
<testsuite hostname="Dilip_PC" failures="0" tests="3" name="com.crm.qa.testcases.LoginPageTest" time="13.557" errors="0" timestamp="2024-05-04T10:15:01 GST" skipped="0">
  <testcase classname="com.crm.qa.testcases.LoginPageTest" name="loginPageTitleTest" time="4.741"/>
  <testcase classname="com.crm.qa.testcases.LoginPageTest" name="swagLogoImageTest" time="5.373"/>
  <testcase classname="com.crm.qa.testcases.LoginPageTest" name="loginTest" time="3.443"/>
</testsuite> <!-- com.crm.qa.testcases.LoginPageTest -->
