<?xml version="1.0" encoding="UTF-8"?>
<!-- Generated by org.testng.reporters.JUnitReportReporter -->
<testsuite hostname="Dilip_PC" failures="0" tests="1" name="com.crm.qa.testcases.LogoutPageTest" time="4.801" errors="0" timestamp="2024-05-04T10:15:01 GST" skipped="0">
  <testcase classname="com.crm.qa.testcases.LogoutPageTest" name="verifyLogoutPage" time="4.801"/>
</testsuite> <!-- com.crm.qa.testcases.LogoutPageTest -->
