<?xml version="1.0" encoding="UTF-8"?>
<!-- Generated by org.testng.reporters.JUnitReportReporter -->
<testsuite hostname="Dilip_PC" failures="0" tests="2" name="com.crm.qa.testcases.ProductsPageTest" time="7.990" errors="0" timestamp="2024-05-04T10:15:01 GST" skipped="0">
  <testcase classname="com.crm.qa.testcases.ProductsPageTest" name="verifyProductsLogo" time="4.325"/>
  <testcase classname="com.crm.qa.testcases.ProductsPageTest" name="AddProductstoCart" time="3.665"/>
</testsuite> <!-- com.crm.qa.testcases.ProductsPageTest -->
