<?xml version="1.0" encoding="UTF-8"?>
<!-- Generated by org.testng.reporters.JUnitReportReporter -->
<testsuite hostname="Dilip_PC" failures="0" tests="1" name="com.crm.qa.testcases.LogoutPageTest" time="3.913" errors="0" timestamp="2024-05-04T14:27:35 GST" skipped="0">
  <testcase classname="com.crm.qa.testcases.LogoutPageTest" name="verifyLogoutPage" time="3.913"/>
</testsuite> <!-- com.crm.qa.testcases.LogoutPageTest -->
