<?xml version="1.0" encoding="UTF-8"?>
<!-- Generated by org.testng.reporters.JUnitReportReporter -->
<testsuite hostname="Dilip_PC" failures="0" tests="3" name="com.crm.qa.testcases.LoginPageTest" time="10.143" errors="0" timestamp="2024-05-04T14:27:35 GST" skipped="0">
  <testcase classname="com.crm.qa.testcases.LoginPageTest" name="loginPageTitleTest" time="3.137"/>
  <testcase classname="com.crm.qa.testcases.LoginPageTest" name="swagLogoImageTest" time="3.442"/>
  <testcase classname="com.crm.qa.testcases.LoginPageTest" name="loginTest" time="3.564"/>
</testsuite> <!-- com.crm.qa.testcases.LoginPageTest -->
